<?xml version="1.0" encoding="UTF-8"?>
<testng-results ignored="0" total="1" passed="1" failed="0" skipped="0">
  <reporter-output>
  </reporter-output>
  <suite started-at="2024-10-24T12:02:24 IST" name="Default suite" finished-at="2024-10-24T12:04:03 IST" duration-ms="99590">
    <groups>
    </groups>
    <test started-at="2024-10-24T12:02:24 IST" name="Default test" finished-at="2024-10-24T12:04:03 IST" duration-ms="99590">
      <class name="pgmfinal.tests">
        <test-method is-config="true" signature="setup()[pri:0, instance:pgmfinal.tests@58cbafc2]" started-at="2024-10-24T12:02:24 IST" name="setup" finished-at="2024-10-24T12:02:35 IST" duration-ms="10780" status="PASS">
          <reporter-output>
          </reporter-output>
        </test-method> <!-- setup -->
        <test-method signature="execution()[pri:0, instance:pgmfinal.tests@58cbafc2]" started-at="2024-10-24T12:02:35 IST" name="execution" finished-at="2024-10-24T12:04:03 IST" duration-ms="88742" status="PASS">
          <reporter-output>
          </reporter-output>
        </test-method> <!-- execution -->
      </class> <!-- pgmfinal.tests -->
    </test> <!-- Default test -->
  </suite> <!-- Default suite -->
</testng-results>
